Using pre-set license
Built from '2020.3/staging' branch; Version is '2020.3.0f1 (c7b5465681fb) revision 13088070'; Using compiler version '192528614'; Build Type 'Release'
OS: 'Windows 10 Education; OS build 19041.867; Version 2004; 64bit' Language: 'fr' Physical Memory: 32630 MB
BatchMode: 1, IsHumanControllingUs: 0, StartBugReporterOnCrash: 0, Is64bit: 1, IsPro: 0

 COMMAND LINE ARGUMENTS:
C:\Program Files\Unity\Hub\Editor\2020.3.0f1\Editor\Unity.exe
-adb2
-batchMode
-noUpm
-name
AssetImportWorker0
-projectPath
C:/Users/Tristepin222/Documents/gizzter/th2ad/src/touhou travel
-logFile
Logs/AssetImportWorker0.log
-srvPort
61246
Successfully changed project path to: C:/Users/Tristepin222/Documents/gizzter/th2ad/src/touhou travel
C:/Users/Tristepin222/Documents/gizzter/th2ad/src/touhou travel
Using Asset Import Pipeline V2.
Refreshing native plugins compatible for Editor in 48.75 ms, found 1 plugins.
Preloading 0 native plugins for Editor in 0.00 ms.
Initialize engine version: 2020.3.0f1 (c7b5465681fb)
[Subsystems] Discovering subsystems at path C:/Program Files/Unity/Hub/Editor/2020.3.0f1/Editor/Data/Resources/UnitySubsystems
[Subsystems] Discovering subsystems at path C:/Users/Tristepin222/Documents/gizzter/th2ad/src/touhou travel/Assets
GfxDevice: creating device client; threaded=0
Direct3D:
    Version:  Direct3D 11.0 [level 11.1]
    Renderer: NVIDIA GeForce RTX 2080 Ti (ID=0x1e07)
    Vendor:   
    VRAM:     11048 MB
    Driver:   27.21.14.5730
Shader 'Universal Render Pipeline/Particles/Lit': fallback shader 'Universal Render Pipeline/Particles/SimpleLit' not found
Initialize mono
Mono path[0] = 'C:/Program Files/Unity/Hub/Editor/2020.3.0f1/Editor/Data/Managed'
Mono path[1] = 'C:/Program Files/Unity/Hub/Editor/2020.3.0f1/Editor/Data/MonoBleedingEdge/lib/mono/unityjit'
Mono config path = 'C:/Program Files/Unity/Hub/Editor/2020.3.0f1/Editor/Data/MonoBleedingEdge/etc'
Using monoOptions --debugger-agent=transport=dt_socket,embedding=1,server=y,suspend=n,address=127.0.0.1:56472
Begin MonoManager ReloadAssembly
Registering precompiled unity dll's ...
Register platform support module: C:/Program Files/Unity/Hub/Editor/2020.3.0f1/Editor/Data/PlaybackEngines/WindowsStandaloneSupport/UnityEditor.WindowsStandalone.Extensions.dll
Registered in 0.001511 seconds.
Native extension for WindowsStandalone target not found
Refreshing native plugins compatible for Editor in 48.58 ms, found 1 plugins.
Preloading 0 native plugins for Editor in 0.00 ms.
Invoked RoslynAnalysisRunner static constructor.
RoslynAnalysisRunner will not be running.
RoslynAnalysisRunner has terminated.
Mono: successfully reloaded assembly
- Completed reload, in  1.024 seconds
Platform modules already initialized, skipping
Registering precompiled user dll's ...
Registered in 0.001403 seconds.
Begin MonoManager ReloadAssembly
Native extension for WindowsStandalone target not found
Refreshing native plugins compatible for Editor in 50.00 ms, found 1 plugins.
Preloading 0 native plugins for Editor in 0.00 ms.
Invoked RoslynAnalysisRunner static constructor.
RoslynAnalysisRunner will not be running.
RoslynAnalysisRunner has terminated.
Mono: successfully reloaded assembly
- Completed reload, in  0.890 seconds
Platform modules already initialized, skipping
========================================================================
Worker process is ready to serve import requests
Shader 'Universal Render Pipeline/Particles/Lit': fallback shader 'Universal Render Pipeline/Particles/SimpleLit' not found
Launched and connected shader compiler UnityShaderCompiler.exe after 0.05 seconds
Refreshing native plugins compatible for Editor in 0.53 ms, found 1 plugins.
Preloading 0 native plugins for Editor in 0.00 ms.
Unloading 3131 Unused Serialized files (Serialized files now loaded: 0)
System memory in use before: 139.6 MB.
System memory in use after: 139.8 MB.

Unloading 20 unused Assets to reduce memory usage. Loaded Objects now: 3581.
Total: 2.227700 ms (FindLiveObjects: 0.266700 ms CreateObjectMapping: 0.128800 ms MarkObjects: 1.806900 ms  DeleteObjects: 0.024600 ms)

========================================================================
Received Import Request.
  path: Assets/Scripts/UI_Inventory.cs
  artifactKey: Guid(b6be82d0403354041802d81215ef7cba) Importer(815301076,1909f56bfc062723c751e8b465ee728b)
Start importing Assets/Scripts/UI_Inventory.cs using Guid(b6be82d0403354041802d81215ef7cba) Importer(815301076,1909f56bfc062723c751e8b465ee728b)  -> (artifact id: 'e2a457706dcf743aff0f1fd86294cb2a') in 0.028851 seconds
  Import took 0.033413 seconds .

========================================================================
Received Prepare
Registering precompiled user dll's ...
Registered in 0.001307 seconds.
Begin MonoManager ReloadAssembly
Native extension for WindowsStandalone target not found
Refreshing native plugins compatible for Editor in 0.64 ms, found 1 plugins.
Preloading 0 native plugins for Editor in 0.00 ms.
Invoked RoslynAnalysisRunner static constructor.
RoslynAnalysisRunner will not be running.
RoslynAnalysisRunner has terminated.
Mono: successfully reloaded assembly
- Completed reload, in  0.856 seconds
Platform modules already initialized, skipping
Shader 'Universal Render Pipeline/Particles/Lit': fallback shader 'Universal Render Pipeline/Particles/SimpleLit' not found
Refreshing native plugins compatible for Editor in 0.67 ms, found 1 plugins.
Preloading 0 native plugins for Editor in 0.00 ms.
Unloading 3015 Unused Serialized files (Serialized files now loaded: 0)
System memory in use before: 133.3 MB.
System memory in use after: 133.5 MB.

Unloading 10 unused Assets to reduce memory usage. Loaded Objects now: 3584.
Total: 2.317800 ms (FindLiveObjects: 0.276700 ms CreateObjectMapping: 0.141700 ms MarkObjects: 1.883800 ms  DeleteObjects: 0.014800 ms)

========================================================================
Received Prepare
Registering precompiled user dll's ...
Registered in 0.001975 seconds.
Begin MonoManager ReloadAssembly
Native extension for WindowsStandalone target not found
Refreshing native plugins compatible for Editor in 0.55 ms, found 1 plugins.
Preloading 0 native plugins for Editor in 0.00 ms.
Invoked RoslynAnalysisRunner static constructor.
RoslynAnalysisRunner will not be running.
RoslynAnalysisRunner has terminated.
Mono: successfully reloaded assembly
- Completed reload, in  0.835 seconds
Platform modules already initialized, skipping
Shader 'Universal Render Pipeline/Particles/Lit': fallback shader 'Universal Render Pipeline/Particles/SimpleLit' not found
Refreshing native plugins compatible for Editor in 0.55 ms, found 1 plugins.
Preloading 0 native plugins for Editor in 0.00 ms.
Unloading 3015 Unused Serialized files (Serialized files now loaded: 0)
System memory in use before: 133.3 MB.
System memory in use after: 133.6 MB.

Unloading 10 unused Assets to reduce memory usage. Loaded Objects now: 3587.
Total: 2.588200 ms (FindLiveObjects: 0.443300 ms CreateObjectMapping: 0.187600 ms MarkObjects: 1.940400 ms  DeleteObjects: 0.015700 ms)

========================================================================
Received Prepare
Registering precompiled user dll's ...
Registered in 0.001484 seconds.
Begin MonoManager ReloadAssembly
Native extension for WindowsStandalone target not found
Refreshing native plugins compatible for Editor in 0.55 ms, found 1 plugins.
Preloading 0 native plugins for Editor in 0.00 ms.
Invoked RoslynAnalysisRunner static constructor.
RoslynAnalysisRunner will not be running.
RoslynAnalysisRunner has terminated.
Mono: successfully reloaded assembly
- Completed reload, in  0.843 seconds
Platform modules already initialized, skipping
Shader 'Universal Render Pipeline/Particles/Lit': fallback shader 'Universal Render Pipeline/Particles/SimpleLit' not found
Refreshing native plugins compatible for Editor in 0.54 ms, found 1 plugins.
Preloading 0 native plugins for Editor in 0.00 ms.
Unloading 3015 Unused Serialized files (Serialized files now loaded: 0)
System memory in use before: 133.4 MB.
System memory in use after: 133.6 MB.

Unloading 10 unused Assets to reduce memory usage. Loaded Objects now: 3590.
Total: 2.560400 ms (FindLiveObjects: 0.438500 ms CreateObjectMapping: 0.165500 ms MarkObjects: 1.934600 ms  DeleteObjects: 0.020400 ms)

========================================================================
Received Import Request.
  Time since last request: 344.008744 seconds.
  path: Assets/tilemap/sprites/grass/Sprite-0010-Sheet 2.png
  artifactKey: Guid(14c2dbc1ccafaf0459725a4c215f5471) Importer(815301076,1909f56bfc062723c751e8b465ee728b)
Start importing Assets/tilemap/sprites/grass/Sprite-0010-Sheet 2.png using Guid(14c2dbc1ccafaf0459725a4c215f5471) Importer(815301076,1909f56bfc062723c751e8b465ee728b)  -> (artifact id: '4f59d6afaa7a7c1203afae92a2143853') in 0.123262 seconds
  Import took 0.128031 seconds .

========================================================================
Received Import Request.
  Time since last request: 323.122180 seconds.
  path: Assets/tilemap/sprites/grass/Sprite-0010-Sheet 2.png
  artifactKey: Guid(14c2dbc1ccafaf0459725a4c215f5471) Importer(815301076,1909f56bfc062723c751e8b465ee728b)
Start importing Assets/tilemap/sprites/grass/Sprite-0010-Sheet 2.png using Guid(14c2dbc1ccafaf0459725a4c215f5471) Importer(815301076,1909f56bfc062723c751e8b465ee728b)  -> (artifact id: '8bfbc6bc916f45f35c4738556275adc3') in 0.051243 seconds
  Import took 0.056083 seconds .

========================================================================
Received Import Request.
  Time since last request: 15.365589 seconds.
  path: Assets/tilemap/sprites/grass/Sprite-0010-Sheet 1.png
  artifactKey: Guid(4e1abc2a130237149b0682cdca88cea4) Importer(815301076,1909f56bfc062723c751e8b465ee728b)
Start importing Assets/tilemap/sprites/grass/Sprite-0010-Sheet 1.png using Guid(4e1abc2a130237149b0682cdca88cea4) Importer(815301076,1909f56bfc062723c751e8b465ee728b)  -> (artifact id: 'a2dc0bc0595e0bc4fd5e53b79ec910ac') in 0.054982 seconds
  Import took 0.059915 seconds .

========================================================================
Received Import Request.
  Time since last request: 82.576584 seconds.
  path: Assets/tilemap/sprites/grass/Sprite-0010-Sheet 2.png
  artifactKey: Guid(14c2dbc1ccafaf0459725a4c215f5471) Importer(815301076,1909f56bfc062723c751e8b465ee728b)
Start importing Assets/tilemap/sprites/grass/Sprite-0010-Sheet 2.png using Guid(14c2dbc1ccafaf0459725a4c215f5471) Importer(815301076,1909f56bfc062723c751e8b465ee728b)  -> (artifact id: '5781e78406e1200848e1701fc843e6a8') in 0.030597 seconds
  Import took 0.036049 seconds .

========================================================================
Received Import Request.
  Time since last request: 29.925600 seconds.
  path: Assets/tilemap/sprites/grass/Sprite-0010-Sheet 1.png
  artifactKey: Guid(4e1abc2a130237149b0682cdca88cea4) Importer(815301076,1909f56bfc062723c751e8b465ee728b)
Start importing Assets/tilemap/sprites/grass/Sprite-0010-Sheet 1.png using Guid(4e1abc2a130237149b0682cdca88cea4) Importer(815301076,1909f56bfc062723c751e8b465ee728b)  -> (artifact id: '5c58d65393fe05ffcfcc4c672689f2dd') in 0.152886 seconds
  Import took 0.158405 seconds .

========================================================================
Received Import Request.
  Time since last request: 41.092267 seconds.
  path: Assets/tilemap/sprites/grass/Sprite-0010-Sheet 1.png
  artifactKey: Guid(4e1abc2a130237149b0682cdca88cea4) Importer(815301076,1909f56bfc062723c751e8b465ee728b)
Start importing Assets/tilemap/sprites/grass/Sprite-0010-Sheet 1.png using Guid(4e1abc2a130237149b0682cdca88cea4) Importer(815301076,1909f56bfc062723c751e8b465ee728b)  -> (artifact id: '783a4174e6b61636b45a7a9be9de20ab') in 0.014135 seconds
  Import took 0.019163 seconds .

========================================================================
Received Prepare
Registering precompiled user dll's ...
Registered in 0.001459 seconds.
Begin MonoManager ReloadAssembly
Native extension for WindowsStandalone target not found
Refreshing native plugins compatible for Editor in 0.54 ms, found 1 plugins.
Preloading 0 native plugins for Editor in 0.00 ms.
Invoked RoslynAnalysisRunner static constructor.
RoslynAnalysisRunner will not be running.
RoslynAnalysisRunner has terminated.
Mono: successfully reloaded assembly
- Completed reload, in  0.901 seconds
Platform modules already initialized, skipping
Shader 'Universal Render Pipeline/Particles/Lit': fallback shader 'Universal Render Pipeline/Particles/SimpleLit' not found
Refreshing native plugins compatible for Editor in 0.60 ms, found 1 plugins.
Preloading 0 native plugins for Editor in 0.00 ms.
Unloading 3015 Unused Serialized files (Serialized files now loaded: 0)
System memory in use before: 136.4 MB.
System memory in use after: 136.6 MB.

Unloading 10 unused Assets to reduce memory usage. Loaded Objects now: 3600.
Total: 3.088000 ms (FindLiveObjects: 0.315200 ms CreateObjectMapping: 0.174100 ms MarkObjects: 2.581600 ms  DeleteObjects: 0.016100 ms)

========================================================================
Received Prepare
Registering precompiled user dll's ...
Registered in 0.001444 seconds.
Begin MonoManager ReloadAssembly
Native extension for WindowsStandalone target not found
Refreshing native plugins compatible for Editor in 0.53 ms, found 1 plugins.
Preloading 0 native plugins for Editor in 0.00 ms.
Invoked RoslynAnalysisRunner static constructor.
RoslynAnalysisRunner will not be running.
RoslynAnalysisRunner has terminated.
Mono: successfully reloaded assembly
- Completed reload, in  0.832 seconds
Platform modules already initialized, skipping
Shader 'Universal Render Pipeline/Particles/Lit': fallback shader 'Universal Render Pipeline/Particles/SimpleLit' not found
Refreshing native plugins compatible for Editor in 0.53 ms, found 1 plugins.
Preloading 0 native plugins for Editor in 0.00 ms.
Unloading 3015 Unused Serialized files (Serialized files now loaded: 0)
System memory in use before: 136.4 MB.
System memory in use after: 136.6 MB.

Unloading 10 unused Assets to reduce memory usage. Loaded Objects now: 3603.
Total: 2.392300 ms (FindLiveObjects: 0.350700 ms CreateObjectMapping: 0.149100 ms MarkObjects: 1.873400 ms  DeleteObjects: 0.017900 ms)

========================================================================
Received Prepare
Registering precompiled user dll's ...
Registered in 0.001698 seconds.
Begin MonoManager ReloadAssembly
Native extension for WindowsStandalone target not found
Refreshing native plugins compatible for Editor in 0.55 ms, found 1 plugins.
Preloading 0 native plugins for Editor in 0.00 ms.
Invoked RoslynAnalysisRunner static constructor.
RoslynAnalysisRunner will not be running.
RoslynAnalysisRunner has terminated.
Mono: successfully reloaded assembly
- Completed reload, in  0.858 seconds
Platform modules already initialized, skipping
Shader 'Universal Render Pipeline/Particles/Lit': fallback shader 'Universal Render Pipeline/Particles/SimpleLit' not found
Refreshing native plugins compatible for Editor in 0.53 ms, found 1 plugins.
Preloading 0 native plugins for Editor in 0.00 ms.
Unloading 3015 Unused Serialized files (Serialized files now loaded: 0)
System memory in use before: 136.4 MB.
System memory in use after: 136.6 MB.

Unloading 10 unused Assets to reduce memory usage. Loaded Objects now: 3606.
Total: 2.042800 ms (FindLiveObjects: 0.279600 ms CreateObjectMapping: 0.123400 ms MarkObjects: 1.625200 ms  DeleteObjects: 0.013500 ms)

========================================================================
Received Import Request.
  Time since last request: 224.968515 seconds.
  path: Assets/tilemap/sprites/grass/Sprite-0010-Sheet 1.png
  artifactKey: Guid(4e1abc2a130237149b0682cdca88cea4) Importer(815301076,1909f56bfc062723c751e8b465ee728b)
Start importing Assets/tilemap/sprites/grass/Sprite-0010-Sheet 1.png using Guid(4e1abc2a130237149b0682cdca88cea4) Importer(815301076,1909f56bfc062723c751e8b465ee728b)  -> (artifact id: '43b13548a0de05d7dfe87aedec29d64f') in 0.051019 seconds
  Import took 0.055338 seconds .

========================================================================
Received Import Request.
  Time since last request: 85.834301 seconds.
  path: Assets/tilemap/sprites/grass/Sprite-0010-Sheet 1.png
  artifactKey: Guid(4e1abc2a130237149b0682cdca88cea4) Importer(815301076,1909f56bfc062723c751e8b465ee728b)
Start importing Assets/tilemap/sprites/grass/Sprite-0010-Sheet 1.png using Guid(4e1abc2a130237149b0682cdca88cea4) Importer(815301076,1909f56bfc062723c751e8b465ee728b)  -> (artifact id: 'd5b8f918b96d67dde3726922a0c13514') in 0.014303 seconds
  Import took 0.019060 seconds .

========================================================================
Received Prepare
Registering precompiled user dll's ...
Registered in 0.001405 seconds.
Begin MonoManager ReloadAssembly
Native extension for WindowsStandalone target not found
Refreshing native plugins compatible for Editor in 0.53 ms, found 1 plugins.
Preloading 0 native plugins for Editor in 0.00 ms.
Invoked RoslynAnalysisRunner static constructor.
RoslynAnalysisRunner will not be running.
RoslynAnalysisRunner has terminated.
Mono: successfully reloaded assembly
- Completed reload, in  0.842 seconds
Platform modules already initialized, skipping
Shader 'Universal Render Pipeline/Particles/Lit': fallback shader 'Universal Render Pipeline/Particles/SimpleLit' not found
Refreshing native plugins compatible for Editor in 0.57 ms, found 1 plugins.
Preloading 0 native plugins for Editor in 0.00 ms.
Unloading 3015 Unused Serialized files (Serialized files now loaded: 0)
System memory in use before: 136.4 MB.
System memory in use after: 136.7 MB.

Unloading 10 unused Assets to reduce memory usage. Loaded Objects now: 3610.
Total: 2.230900 ms (FindLiveObjects: 0.295400 ms CreateObjectMapping: 0.146100 ms MarkObjects: 1.774500 ms  DeleteObjects: 0.013900 ms)

========================================================================
Received Import Request.
  Time since last request: 78.149367 seconds.
  path: Assets/tilemap/sprites/grass/Sprite-0010-Sheet 1.png
  artifactKey: Guid(4e1abc2a130237149b0682cdca88cea4) Importer(815301076,1909f56bfc062723c751e8b465ee728b)
Start importing Assets/tilemap/sprites/grass/Sprite-0010-Sheet 1.png using Guid(4e1abc2a130237149b0682cdca88cea4) Importer(815301076,1909f56bfc062723c751e8b465ee728b)  -> (artifact id: 'e124d77a319c5c8fb05718ccb9509e30') in 0.047940 seconds
  Import took 0.052171 seconds .

========================================================================
Received Prepare
Registering precompiled user dll's ...
Registered in 0.001345 seconds.
Begin MonoManager ReloadAssembly
Native extension for WindowsStandalone target not found
Refreshing native plugins compatible for Editor in 0.57 ms, found 1 plugins.
Preloading 0 native plugins for Editor in 0.00 ms.
Invoked RoslynAnalysisRunner static constructor.
RoslynAnalysisRunner will not be running.
RoslynAnalysisRunner has terminated.
Mono: successfully reloaded assembly
- Completed reload, in  0.897 seconds
Platform modules already initialized, skipping
Shader 'Universal Render Pipeline/Particles/Lit': fallback shader 'Universal Render Pipeline/Particles/SimpleLit' not found
Refreshing native plugins compatible for Editor in 0.65 ms, found 1 plugins.
Preloading 0 native plugins for Editor in 0.00 ms.
Unloading 3015 Unused Serialized files (Serialized files now loaded: 0)
System memory in use before: 136.4 MB.
System memory in use after: 136.7 MB.

Unloading 10 unused Assets to reduce memory usage. Loaded Objects now: 3614.
Total: 2.729300 ms (FindLiveObjects: 0.287600 ms CreateObjectMapping: 0.154500 ms MarkObjects: 2.270800 ms  DeleteObjects: 0.015200 ms)

AssetImportWorkerClient::OnTransportError - code=2 error=End of file
